_build/app/outputs/mapping/release/seeds.txt
androidx.window.embedding.EmbeddingTranslatingCallback: EmbeddingTranslatingCallback(androidx.window.embedding.EmbeddingInterfaceCompat$EmbeddingCallbackInterface,androidx.window.embedding.EmbeddingAdapter)
io.flutter.embedding.engine.FlutterJNI: void updateSemantics(java.nio.ByteBuffer,java.lang.String[],java.nio.ByteBuffer[])
com.google.android.gms.measurement.internal.AppMeasurementDynamiteService: void initForTests(java.util.Map)
com.google.android.material.circularreveal.CircularRevealFrameLayout: android.graphics.drawable.Drawable getCircularRevealOverlayDrawable()
androidx.appcompat.widget.AppCompatImageView: void setImageDrawable(android.graphics.drawable.Drawable)
androidx.appcompat.widget.Toolbar: int getContentInsetEndWithActions()
com.bumptech.glide.load.DataSource: com.bumptech.glide.load.DataSource valueOf(java.lang.String)
androidx.window.layout.WindowMetricsCalculator$Companion$overrideDecorator$1: WindowMetricsCalculator$Companion$overrideDecorator$1(java.lang.Object)
androidx.appcompat.widget.FitWindowsFrameLayout: FitWindowsFrameLayout(android.content.Context,android.util.AttributeSet)
androidx.cardview.widget.CardView: int getContentPaddingRight()
io.flutter.embedding.android.FlutterImageView$SurfaceKind: io.flutter.embedding.android.FlutterImageView$SurfaceKind[] values()
com.google.android.material.appbar.AppBarLayout$BaseBehavior: AppBarLayout$BaseBehavior()
androidx.appcompat.widget.Toolbar: void setSubtitleTextColor(int)
com.google.firebase.installations.local.PersistedInstallation$RegistrationStatus: com.google.firebase.installations.local.PersistedInstallation$RegistrationStatus valueOf(java.lang.String)
androidx.window.layout.WindowMetrics: int hashCode()
io.flutter.embedding.engine.systemchannels.TextInputChannel$TextInputType: io.flutter.embedding.engine.systemchannels.TextInputChannel$TextInputType valueOf(java.lang.String)
io.flutter.view.AccessibilityViewEmbedder: boolean onAccessibilityHoverEvent(int,android.view.MotionEvent)
androidx.core.app.RemoteActionCompatParcelizer: androidx.core.app.RemoteActionCompat read(androidx.versionedparcelable.VersionedParcel)
com.google.android.material.appbar.AppBarLayout: void setTargetElevation(float)
kotlin.coroutines.jvm.internal.BaseContinuationImpl: kotlin.coroutines.Continuation getCompletion()
com.google.android.material.button.MaterialButton: void setStrokeWidthResource(int)
io.flutter.embedding.engine.FlutterJNI: void prefetchDefaultFontManager()
io.flutter.embedding.engine.FlutterJNI: void nativeDispatchEmptyPlatformMessage(long,java.lang.String,int)
io.flutter.embedding.android.FlutterImageView: io.flutter.embedding.engine.renderer.FlutterRenderer getAttachedRenderer()
androidx.appcompat.widget.Toolbar: int getContentInsetStartWithNavigation()
kotlin.jvm.internal.FunctionReference: boolean isInfix()
androidx.window.embedding.ExtensionEmbeddingBackend: void unregisterRule(androidx.window.embedding.EmbeddingRule)
com.google.android.material.appbar.AppBarLayout: int getDownNestedScrollRange()
androidx.constraintlayout.widget.Barrier: void setAllowsGoneWidget(boolean)
com.google.android.material.circularreveal.CircularRevealFrameLayout: void setCircularRevealScrimColor(int)
io.flutter.embedding.engine.FlutterJNI: void dispatchPlatformMessage(java.lang.String,java.nio.ByteBuffer,int,int)
androidx.recyclerview.widget.RecyclerView: int getScrollState()
androidx.window.layout.WindowMetricsCalculator$-CC: void reset()
androidx.loader.app.LoaderManagerImpl$LoaderViewModel: LoaderManagerImpl$LoaderViewModel()
androidx.appcompat.widget.AppCompatButton: int[] getAutoSizeTextAvailableSizes()
com.bumptech.glide.load.engine.DecodeJob$Stage: com.bumptech.glide.load.engine.DecodeJob$Stage[] values()
androidx.window.core.Version$bigInteger$2: Version$bigInteger$2(androidx.window.core.Version)
androidx.window.core.Version: int getPatch()
androidx.constraintlayout.widget.ConstraintLayout: void setMaxHeight(int)