_build/app/outputs/mapping/release/mapping.txt
# compiler: R8
# compiler_version: 3.2.47
# min_api: 21
# common_typos_disable
# {"id":"com.android.tools.r8.mapping","version":"2.0"}
# pg_map_id: cdbabb5
# pg_map_hash: SHA-256 cdbabb5f87c28253b6520c6badd8f74b5fde4d47002a95b84c7eceec1690af13
...
kotlin.io.CloseableKt -> s5.a:
    void closeFinally(java.io.Closeable,java.lang.Throwable) -> a
kotlin.jvm.JvmClassMappingKt -> t5.a:
    java.lang.Class getJavaObjectType(kotlin.reflect.KClass) -> a
kotlin.jvm.KotlinReflectionNotSupportedError -> t5.b:
kotlin.jvm.functions.Function0 -> u5.a:
kotlin.jvm.functions.Function1 -> u5.l:
kotlin.jvm.functions.Function10 -> u5.b:
kotlin.jvm.functions.Function11 -> u5.c:
kotlin.jvm.functions.Function12 -> u5.d:
kotlin.jvm.functions.Function13 -> u5.e:
kotlin.jvm.functions.Function14 -> u5.f:
kotlin.jvm.functions.Function15 -> u5.g:
kotlin.jvm.functions.Function16 -> u5.h:
kotlin.jvm.functions.Function17 -> u5.i:
kotlin.jvm.functions.Function18 -> u5.j:
kotlin.jvm.functions.Function19 -> u5.k:
kotlin.jvm.functions.Function2 -> u5.p:
kotlin.jvm.functions.Function20 -> u5.m:
kotlin.jvm.functions.Function21 -> u5.n:
kotlin.jvm.functions.Function22 -> u5.o:
kotlin.jvm.functions.Function3 -> u5.q:
    java.lang.Object invoke(java.lang.Object,java.lang.Object,java.lang.Object) -> h
kotlin.jvm.functions.Function4 -> u5.r:
kotlin.jvm.functions.Function5 -> u5.s:
kotlin.jvm.functions.Function6 -> u5.t:
kotlin.jvm.functions.Function7 -> u5.u:
kotlin.jvm.functions.Function8 -> u5.v:
kotlin.jvm.functions.Function9 -> u5.w:
kotlin.jvm.internal.CallableReference -> kotlin.jvm.internal.a:
kotlin.jvm.internal.CallableReference$NoReceiver -> kotlin.jvm.internal.a$a:
    kotlin.jvm.internal.CallableReference$NoReceiver INSTANCE -> m
    kotlin.jvm.internal.CallableReference$NoReceiver access$000() -> a
kotlin.jvm.internal.ClassBasedDeclarationContainer -> kotlin.jvm.internal.b:
    java.lang.Class getJClass() -> b
kotlin.jvm.internal.ClassReference -> kotlin.jvm.internal.c:
    java.util.Map simpleNames -> s
    java.util.Map FUNCTION_CLASSES -> o
    java.util.HashMap classFqNames -> r
    java.lang.Class jClass -> m
    java.util.HashMap primitiveWrapperFqNames -> q
    java.util.HashMap primitiveFqNames -> p
    kotlin.jvm.internal.ClassReference$Companion Companion -> n
    java.lang.String getSimpleName() -> a
    java.lang.Class getJClass() -> b
    java.util.Map access$getSimpleNames$cp() -> c
kotlin.jvm.internal.ClassReference$Companion -> kotlin.jvm.internal.c$a:
    java.lang.String getClassSimpleName(java.lang.Class) -> a
kotlin.jvm.internal.CollectionToArray -> kotlin.jvm.internal.d:
    java.lang.Object[] EMPTY -> a
    java.lang.Object[] toArray(java.util.Collection) -> a
    java.lang.Object[] toArray(java.util.Collection,java.lang.Object[]) -> b
kotlin.jvm.internal.DefaultConstructorMarker -> kotlin.jvm.internal.e:
kotlin.jvm.internal.FunctionBase -> kotlin.jvm.internal.f:
kotlin.jvm.internal.FunctionReference -> kotlin.jvm.internal.g:
kotlin.jvm.internal.FunctionReferenceImpl -> kotlin.jvm.internal.h:
kotlin.jvm.internal.Intrinsics -> kotlin.jvm.internal.i:
    boolean areEqual(java.lang.Object,java.lang.Object) -> a
    void checkExpressionValueIsNotNull(java.lang.Object,java.lang.String) -> b
    void checkNotNull(java.lang.Object) -> c
    void checkNotNullExpressionValue(java.lang.Object,java.lang.String) -> d
    void checkNotNullParameter(java.lang.Object,java.lang.String) -> e
    void checkParameterIsNotNull(java.lang.Object,java.lang.String) -> f
    int compare(int,int) -> g
    java.lang.String createParameterIsNullExceptionMessage(java.lang.String) -> h
    java.lang.Throwable sanitizeStackTrace(java.lang.Throwable) -> i
    java.lang.Throwable sanitizeStackTrace(java.lang.Throwable,java.lang.String) -> j
    java.lang.String stringPlus(java.lang.String,java.lang.Object) -> k
    void throwJavaNpe() -> l
    void throwNpe() -> m
    void throwParameterIsNullIAE(java.lang.String) -> n
    void throwParameterIsNullNPE(java.lang.String) -> o
    void throwUninitializedProperty(java.lang.String) -> p
    void throwUninitializedPropertyAccessException(java.lang.String) -> q
kotlin.jvm.internal.Lambda -> kotlin.jvm.internal.j: