_build/app/outputs/mapping/release/usage.txt
androidx.core.content.res.GradientColorInflaterCompat:
    private static final int TILE_MODE_CLAMP
    private static final int TILE_MODE_MIRROR
    private static final int TILE_MODE_REPEAT
    private void <init>()
    static android.graphics.Shader createFromXml(android.content.res.Resources,org.xmlpull.v1.XmlPullParser,android.content.res.Resources$Theme)
androidx.core.content.res.GrowingArrayUtils:
    private void <init>()
    public static long[] append(long[],int,long)
    public static boolean[] append(boolean[],int,boolean)
    public static int[] insert(int[],int,int,int)
    public static long[] insert(long[],int,int,long)
    public static java.lang.Object[] insert(java.lang.Object[],int,int,java.lang.Object)
    public static boolean[] insert(boolean[],int,int,boolean)
androidx.core.content.res.ResourcesCompat$ImplApi29
androidx.core.content.res.ResourcesCompat$ThemeCompat$ImplApi23
androidx.core.content.res.ResourcesCompat$ThemeCompat$ImplApi29
androidx.core.content.res.ResourcesCompat$ThemeCompat
androidx.core.content.res.ResourcesCompat:
    public static final int ID_NULL
    private static final java.lang.String TAG
    private void <init>()
    public static android.graphics.Typeface getCachedFont(android.content.Context,int)
    public static int getColor(android.content.res.Resources,int,android.content.res.Resources$Theme)
    public static android.graphics.drawable.Drawable getDrawableForDensity(android.content.res.Resources,int,int,android.content.res.Resources$Theme)
    public static float getFloat(android.content.res.Resources,int)
    public static android.graphics.Typeface getFont(android.content.Context,int)
    public static void getFont(android.content.Context,int,androidx.core.content.res.ResourcesCompat$FontCallback,android.os.Handler)
androidx.core.content.res.TypedArrayUtils:
    private static final java.lang.String NAMESPACE
    private void <init>()
    public static int getAttr(android.content.Context,int,int)
    public static boolean getBoolean(android.content.res.TypedArray,int,int,boolean)
    public static android.graphics.drawable.Drawable getDrawable(android.content.res.TypedArray,int,int)
    public static int getInt(android.content.res.TypedArray,int,int,int)
    public static android.content.res.ColorStateList getNamedColorStateList(android.content.res.TypedArray,org.xmlpull.v1.XmlPullParser,android.content.res.Resources$Theme,java.lang.String,int)
    private static android.content.res.ColorStateList getNamedColorStateListFromInt(android.util.TypedValue)
    public static int getResourceId(android.content.res.TypedArray,int,int,int)
    public static java.lang.String getString(android.content.res.TypedArray,int,int)
    public static java.lang.CharSequence getText(android.content.res.TypedArray,int,int)
    public static java.lang.CharSequence[] getTextArray(android.content.res.TypedArray,int,int)
androidx.core.database.CursorWindowCompat
androidx.core.database.DatabaseUtilsCompat
androidx.core.database.sqlite.SQLiteCursorCompat
androidx.core.graphics.BitmapCompat
androidx.core.graphics.BlendModeColorFilterCompat
androidx.core.graphics.BlendModeCompat
androidx.core.graphics.BlendModeUtils$1
androidx.core.graphics.BlendModeUtils